\BOOKMARK [1][-]{section.1}{Definition}{}% 1
\BOOKMARK [2][-]{subsection.1.1}{Project Overview}{section.1}% 2
\BOOKMARK [2][-]{subsection.1.2}{Problem Statement}{section.1}% 3
\BOOKMARK [2][-]{subsection.1.3}{Dataset}{section.1}% 4
\BOOKMARK [2][-]{subsection.1.4}{metrics}{section.1}% 5
\BOOKMARK [1][-]{section.2}{Analysis}{}% 6
\BOOKMARK [2][-]{subsection.2.1}{Data Exploration and Visualization}{section.2}% 7
\BOOKMARK [2][-]{subsection.2.2}{Algorithms and Techniques}{section.2}% 8
\BOOKMARK [3][-]{subsubsection.2.2.1}{pictures selection and split }{subsection.2.2}% 9
\BOOKMARK [3][-]{subsubsection.2.2.2}{image augmentation}{subsection.2.2}% 10
\BOOKMARK [3][-]{subsubsection.2.2.3}{Deep Convolutional Neural Network}{subsection.2.2}% 11
\BOOKMARK [3][-]{subsubsection.2.2.4}{Transfer Learning}{subsection.2.2}% 12
\BOOKMARK [2][-]{subsection.2.3}{Benchmark}{section.2}% 13
\BOOKMARK [1][-]{section.3}{Methodology}{}% 14
\BOOKMARK [2][-]{subsection.3.1}{Data Preprocessing}{section.3}% 15
\BOOKMARK [3][-]{subsubsection.3.1.1}{Sample blacklist}{subsection.3.1}% 16
\BOOKMARK [3][-]{subsubsection.3.1.2}{Training, validation and testing split}{subsection.3.1}% 17
\BOOKMARK [3][-]{subsubsection.3.1.3}{Dataset loading in memory}{subsection.3.1}% 18
\BOOKMARK [3][-]{subsubsection.3.1.4}{Image augmentation}{subsection.3.1}% 19
\BOOKMARK [2][-]{subsection.3.2}{Model Implementation}{section.3}% 20
\BOOKMARK [3][-]{subsubsection.3.2.1}{CNN architecture}{subsection.3.2}% 21
\BOOKMARK [3][-]{subsubsection.3.2.2}{CNN training}{subsection.3.2}% 22
\BOOKMARK [2][-]{subsection.3.3}{Model Refinement}{section.3}% 23
\BOOKMARK [3][-]{subsubsection.3.3.1}{Base Model selection}{subsection.3.3}% 24
\BOOKMARK [1][-]{section.4}{Results}{}% 25
\BOOKMARK [2][-]{subsection.4.1}{Model Accuracy}{section.4}% 26
\BOOKMARK [2][-]{subsection.4.2}{Justification}{section.4}% 27
\BOOKMARK [1][-]{section.5}{Conclusion}{}% 28
\BOOKMARK [2][-]{subsection.5.1}{Free-Form Visualization}{section.5}% 29
\BOOKMARK [3][-]{subsubsection.5.1.1}{Test samples prediction}{subsection.5.1}% 30
\BOOKMARK [3][-]{subsubsection.5.1.2}{Failed prediction}{subsection.5.1}% 31
\BOOKMARK [2][-]{subsection.5.2}{Reflection}{section.5}% 32
\BOOKMARK [2][-]{subsection.5.3}{Improvement}{section.5}% 33
